<?xml version="1.0" encoding="UTF-8"?>
<testng-results skipped="0" failed="0" total="2" passed="2">
  <reporter-output>
  </reporter-output>
  <suite name="Suite" duration-ms="17483" started-at="2021-02-02T09:26:43Z" finished-at="2021-02-02T09:27:01Z">
    <groups>
    </groups>
    <test name="Test" duration-ms="17483" started-at="2021-02-02T09:26:43Z" finished-at="2021-02-02T09:27:01Z">
      <class name="POMDemo.LoginTest">
        <test-method status="PASS" signature="setUp()[pri:0, instance:POMDemo.LoginTest@1fa1d9b]" name="setUp" is-config="true" duration-ms="9155" started-at="2021-02-02T14:56:43Z" finished-at="2021-02-02T14:56:52Z">
          <reporter-output>
          </reporter-output>
        </test-method> <!-- setUp -->
        <test-method status="PASS" signature="SuccesfullLogin()[pri:0, instance:POMDemo.LoginTest@1fa1d9b]" name="SuccesfullLogin" duration-ms="1451" started-at="2021-02-02T14:56:52Z" finished-at="2021-02-02T14:56:54Z">
          <reporter-output>
          </reporter-output>
        </test-method> <!-- SuccesfullLogin -->
        <test-method status="PASS" signature="setUp()[pri:0, instance:POMDemo.LoginTest@1fa1d9b]" name="setUp" is-config="true" duration-ms="6211" started-at="2021-02-02T14:56:54Z" finished-at="2021-02-02T14:57:00Z">
          <reporter-output>
          </reporter-output>
        </test-method> <!-- setUp -->
        <test-method status="PASS" signature="validLoginToPage()[pri:0, instance:POMDemo.LoginTest@1fa1d9b]" name="validLoginToPage" duration-ms="620" started-at="2021-02-02T14:57:00Z" finished-at="2021-02-02T14:57:01Z">
          <reporter-output>
          </reporter-output>
        </test-method> <!-- validLoginToPage -->
      </class> <!-- POMDemo.LoginTest -->
    </test> <!-- Test -->
  </suite> <!-- Suite -->
</testng-results>
